mode: set
github.com/ammario/isokey/asym_key_signer.go:28.65,30.51 1 1
github.com/ammario/isokey/asym_key_signer.go:30.51,32.4 1 1
github.com/ammario/isokey/asym_key_signer.go:37.77,39.16 2 1
github.com/ammario/isokey/asym_key_signer.go:42.2,42.36 1 1
github.com/ammario/isokey/asym_key_signer.go:39.16,41.3 1 0
github.com/ammario/isokey/asym_key_signer.go:48.68,51.25 2 1
github.com/ammario/isokey/asym_key_signer.go:55.2,63.20 7 1
github.com/ammario/isokey/asym_key_signer.go:67.2,72.16 4 1
github.com/ammario/isokey/asym_key_signer.go:76.2,87.46 7 1
github.com/ammario/isokey/asym_key_signer.go:51.25,53.3 1 1
github.com/ammario/isokey/asym_key_signer.go:63.20,65.3 1 0
github.com/ammario/isokey/asym_key_signer.go:72.16,74.3 1 0
github.com/ammario/isokey/asym_key_verifier.go:32.67,34.49 1 1
github.com/ammario/isokey/asym_key_verifier.go:34.49,36.4 1 1
github.com/ammario/isokey/asym_key_verifier.go:41.77,43.16 2 1
github.com/ammario/isokey/asym_key_verifier.go:47.2,48.16 2 1
github.com/ammario/isokey/asym_key_verifier.go:52.2,54.9 2 1
github.com/ammario/isokey/asym_key_verifier.go:58.2,58.20 1 1
github.com/ammario/isokey/asym_key_verifier.go:43.16,45.3 1 0
github.com/ammario/isokey/asym_key_verifier.go:48.16,50.3 1 0
github.com/ammario/isokey/asym_key_verifier.go:54.9,56.3 1 0
github.com/ammario/isokey/asym_key_verifier.go:62.54,63.27 1 1
github.com/ammario/isokey/asym_key_verifier.go:66.2,66.64 1 0
github.com/ammario/isokey/asym_key_verifier.go:63.27,65.3 1 1
github.com/ammario/isokey/asym_key_verifier.go:71.72,77.16 5 1
github.com/ammario/isokey/asym_key_verifier.go:81.2,85.16 4 1
github.com/ammario/isokey/asym_key_verifier.go:88.2,91.21 3 1
github.com/ammario/isokey/asym_key_verifier.go:95.2,99.19 3 1
github.com/ammario/isokey/asym_key_verifier.go:105.2,108.91 3 1
github.com/ammario/isokey/asym_key_verifier.go:112.2,112.24 1 1
github.com/ammario/isokey/asym_key_verifier.go:116.2,116.17 1 1
github.com/ammario/isokey/asym_key_verifier.go:77.16,79.3 1 0
github.com/ammario/isokey/asym_key_verifier.go:85.16,87.3 1 0
github.com/ammario/isokey/asym_key_verifier.go:91.21,93.3 1 1
github.com/ammario/isokey/asym_key_verifier.go:99.19,101.3 1 0
github.com/ammario/isokey/asym_key_verifier.go:108.91,110.3 1 0
github.com/ammario/isokey/asym_key_verifier.go:112.24,114.3 1 1
github.com/ammario/isokey/check_mac.go:8.53,13.2 4 1
github.com/ammario/isokey/key.go:17.39,18.39 1 1
github.com/ammario/isokey/key.go:22.2,23.38 2 1
github.com/ammario/isokey/key.go:18.39,20.3 1 1
github.com/ammario/isokey/sym_key_service.go:32.53,34.36 1 1
github.com/ammario/isokey/sym_key_service.go:34.36,36.4 1 1
github.com/ammario/isokey/sym_key_service.go:41.49,42.27 1 1
github.com/ammario/isokey/sym_key_service.go:45.2,45.64 1 0
github.com/ammario/isokey/sym_key_service.go:42.27,44.3 1 1
github.com/ammario/isokey/sym_key_service.go:49.62,53.40 3 1
github.com/ammario/isokey/sym_key_service.go:56.2,61.19 4 1
github.com/ammario/isokey/sym_key_service.go:65.2,65.50 1 1
github.com/ammario/isokey/sym_key_service.go:69.2,69.21 1 1
github.com/ammario/isokey/sym_key_service.go:73.2,73.17 1 1
github.com/ammario/isokey/sym_key_service.go:53.40,55.3 1 0
github.com/ammario/isokey/sym_key_service.go:61.19,63.3 1 0
github.com/ammario/isokey/sym_key_service.go:65.50,67.3 1 1
github.com/ammario/isokey/sym_key_service.go:69.21,71.3 1 1
github.com/ammario/isokey/sym_key_service.go:79.68,82.25 2 1
github.com/ammario/isokey/sym_key_service.go:86.2,94.19 7 1
github.com/ammario/isokey/sym_key_service.go:97.2,102.66 4 1
github.com/ammario/isokey/sym_key_service.go:82.25,84.3 1 1
github.com/ammario/isokey/sym_key_service.go:94.19,96.3 1 0
github.com/ammario/isokey/unpack.go:8.30,16.2 7 1
